<?xml version="1.0" encoding="UTF-8"?>
<!-- Generated by org.testng.reporters.JUnitXMLReporter -->
<testsuite ignored="1" hostname="INPHWN167453" failures="0" tests="2" name="Default test" time="23.484" errors="0" timestamp="2022-04-20T21:04:20 IST">
  <testcase classname="com.harman.test.LoginTest" name="validCredentialTest" time="4.714"/>
  <testcase classname="com.harman.test.LoginTest" name="validCredentialTest" time="4.787"/>
  <testcase classname="com.harman.test.LoginTest" name="invalidCredentialTest" time="0.0">
    <ignored/>
  </testcase> <!-- invalidCredentialTest -->
</testsuite> <!-- Default test -->
