<?xml version="1.0" encoding="UTF-8"?>
<testng-results ignored="0" total="1" passed="1" failed="0" skipped="0">
  <reporter-output>
  </reporter-output>
  <suite started-at="2022-04-20T22:14:28 IST" name="OpenEMR Suite" finished-at="2022-04-20T22:14:41 IST" duration-ms="12551">
    <groups>
    </groups>
    <test started-at="2022-04-20T22:14:28 IST" name="OpenEMR Test" finished-at="2022-04-20T22:14:41 IST" duration-ms="12551">
      <class name="com.harman.test.LoginUITest">
        <test-method is-config="true" signature="setup(java.lang.String)[pri:0, instance:com.harman.test.LoginUITest@957e06]" started-at="2022-04-20T22:14:28 IST" name="setup" finished-at="2022-04-20T22:14:40 IST" duration-ms="12043" status="PASS">
          <params>
            <param index="0">
              <value>
                <![CDATA[edge]]>
              </value>
            </param>
          </params>
          <reporter-output>
          </reporter-output>
        </test-method> <!-- setup -->
        <test-method signature="validateTitleTest()[pri:0, instance:com.harman.test.LoginUITest@957e06]" started-at="2022-04-20T22:14:40 IST" name="validateTitleTest" finished-at="2022-04-20T22:14:40 IST" duration-ms="31" status="PASS">
          <reporter-output>
          </reporter-output>
        </test-method> <!-- validateTitleTest -->
        <test-method is-config="true" signature="teardown()[pri:0, instance:com.harman.test.LoginUITest@957e06]" started-at="2022-04-20T22:14:40 IST" name="teardown" finished-at="2022-04-20T22:14:41 IST" duration-ms="423" status="PASS">
          <reporter-output>
          </reporter-output>
        </test-method> <!-- teardown -->
      </class> <!-- com.harman.test.LoginUITest -->
    </test> <!-- OpenEMR Test -->
  </suite> <!-- OpenEMR Suite -->
</testng-results>
